<?xml version="1.0" encoding="UTF-8"?>
<testsuite xmlns:xsi="http://www.w3.org/2001/XMLSchema-instance" xsi:noNamespaceSchemaLocation="https://maven.apache.org/surefire/maven-surefire-plugin/xsd/surefire-test-report.xsd" name="br.com.wakax.consulta.fipe.api.FipeControllerTest" time="0.977" tests="2" errors="0" skipped="0" failures="0">
  <properties>
[...]
</properties>
  <testcase name="deveConsultarModelosComSucesso" classname="br.com.wakax.consulta.fipe.api.FipeControllerTest" time="0.948"/>
  <testcase name="deveConsultarMarcasComSucesso" classname="br.com.wakax.consulta.fipe.api.FipeControllerTest" time="0.003"/>
</testsuite>